2025-01-31 11:48:02,269 - INFO - Retrieving paths...
2025-01-31 11:48:02,270 - INFO - Path 'base_dir': c:\Users\troy_\Downloads\Tailored Resume Process\resume_project
2025-01-31 11:48:02,270 - INFO - Path 'scripts_dir': c:\Users\troy_\Downloads\Tailored Resume Process\resume_project\scripts
2025-01-31 11:48:02,270 - INFO - Path 'sections_dir': c:\Users\troy_\Downloads\Tailored Resume Process\resume_project\scripts\sections
2025-01-31 11:48:02,270 - INFO - Path 's3_operations_dir': c:\Users\troy_\Downloads\Tailored Resume Process\resume_project\scripts\s3_operations
2025-01-31 11:48:02,271 - INFO - Path 'output_dir': c:\Users\troy_\Downloads\Tailored Resume Process\resume_project\output
2025-01-31 11:48:02,271 - INFO - Path 'resume_json': c:\Users\troy_\Downloads\Tailored Resume Process\resume_project\resume.json
2025-01-31 11:48:02,271 - INFO - Paths retrieved successfully.
2025-01-31 11:48:02,271 - INFO - Loading resume data...
2025-01-31 11:48:02,272 - INFO - Resume data loaded successfully.
2025-01-31 11:48:02,272 - INFO - Resume data loaded successfully.
2025-01-31 11:48:02,273 - INFO - Running global validation...
2025-01-31 11:48:02,273 - INFO - Global validation passed.
2025-01-31 11:48:02,273 - INFO - Processing section: personal_information...
2025-01-31 11:48:02,273 - INFO - Started tracking step: Section: personal_information at 2025-01-31 11:48:02.273596
2025-01-31 11:48:02,273 - INFO - Processing section 'personal_information' started.
2025-01-31 11:48:02,274 - INFO - Validating section: personal_information...
2025-01-31 11:48:02,274 - INFO - Formatting section: personal_information...
2025-01-31 11:48:02,274 - INFO - Section 'personal_information' written to c:\Users\troy_\Downloads\Tailored Resume Process\resume_project\output\personal_information.txt successfully.
2025-01-31 11:48:02,274 - INFO - Ended tracking step: Section: personal_information at 2025-01-31 11:48:02.274776 (Duration: 0:00:00.001180)
2025-01-31 11:48:02,274 - INFO - Processing section 'personal_information' completed successfully.
2025-01-31 11:48:02,275 - INFO - Processing section: summary...
2025-01-31 11:48:02,275 - INFO - Started tracking step: Section: summary at 2025-01-31 11:48:02.275363
2025-01-31 11:48:02,276 - INFO - Processing section 'summary' started.
2025-01-31 11:48:02,276 - INFO - Validating section: summary...
2025-01-31 11:48:02,276 - INFO - Formatting section: summary...
2025-01-31 11:48:02,277 - INFO - Section 'summary' written to c:\Users\troy_\Downloads\Tailored Resume Process\resume_project\output\summary.txt successfully.
2025-01-31 11:48:02,277 - INFO - Ended tracking step: Section: summary at 2025-01-31 11:48:02.277721 (Duration: 0:00:00.002358)
2025-01-31 11:48:02,277 - INFO - Processing section 'summary' completed successfully.
2025-01-31 11:48:02,278 - INFO - Processing section: skills...
2025-01-31 11:48:02,278 - INFO - Started tracking step: Section: skills at 2025-01-31 11:48:02.278361
2025-01-31 11:48:02,278 - INFO - Processing section 'skills' started.
2025-01-31 11:48:02,278 - INFO - Validating section: skills...
2025-01-31 11:48:02,278 - INFO - Formatting section: skills...
2025-01-31 11:48:02,279 - INFO - Section 'skills' written to c:\Users\troy_\Downloads\Tailored Resume Process\resume_project\output\skills.txt successfully.
2025-01-31 11:48:02,279 - INFO - Ended tracking step: Section: skills at 2025-01-31 11:48:02.279387 (Duration: 0:00:00.001026)
2025-01-31 11:48:02,279 - INFO - Processing section 'skills' completed successfully.
2025-01-31 11:48:02,279 - INFO - Processing section: experience...
2025-01-31 11:48:02,279 - INFO - Started tracking step: Section: experience at 2025-01-31 11:48:02.279781
2025-01-31 11:48:02,279 - INFO - Processing section 'experience' started.
2025-01-31 11:48:02,280 - INFO - Validating section: experience...
2025-01-31 11:48:02,280 - INFO - Formatting section: experience...
2025-01-31 11:48:02,280 - INFO - Section 'experience' written to c:\Users\troy_\Downloads\Tailored Resume Process\resume_project\output\experience.txt successfully.
2025-01-31 11:48:02,280 - INFO - Ended tracking step: Section: experience at 2025-01-31 11:48:02.280774 (Duration: 0:00:00.000993)
2025-01-31 11:48:02,280 - INFO - Processing section 'experience' completed successfully.
2025-01-31 11:48:02,281 - INFO - Processing section: education...
2025-01-31 11:48:02,281 - INFO - Started tracking step: Section: education at 2025-01-31 11:48:02.281158
2025-01-31 11:48:02,281 - INFO - Processing section 'education' started.
2025-01-31 11:48:02,281 - INFO - Validating section: education...
2025-01-31 11:48:02,282 - INFO - Formatting section: education...
2025-01-31 11:48:02,284 - INFO - Section 'education' written to c:\Users\troy_\Downloads\Tailored Resume Process\resume_project\output\education.txt successfully.
2025-01-31 11:48:02,285 - INFO - Ended tracking step: Section: education at 2025-01-31 11:48:02.285564 (Duration: 0:00:00.004406)
2025-01-31 11:48:02,286 - INFO - Processing section 'education' completed successfully.
2025-01-31 11:48:02,286 - INFO - Processing section: key_achievements...
2025-01-31 11:48:02,287 - INFO - Started tracking step: Section: key_achievements at 2025-01-31 11:48:02.287159
2025-01-31 11:48:02,287 - INFO - Processing section 'key_achievements' started.
2025-01-31 11:48:02,288 - INFO - Validating section: key_achievements...
2025-01-31 11:48:02,288 - INFO - Formatting section: key_achievements...
2025-01-31 11:48:02,290 - INFO - Section 'key_achievements' written to c:\Users\troy_\Downloads\Tailored Resume Process\resume_project\output\key_achievements.txt successfully.
2025-01-31 11:48:02,291 - INFO - Ended tracking step: Section: key_achievements at 2025-01-31 11:48:02.291036 (Duration: 0:00:00.003877)
2025-01-31 11:48:02,291 - INFO - Processing section 'key_achievements' completed successfully.
2025-01-31 11:48:02,292 - INFO - Processing section: projects...
2025-01-31 11:48:02,293 - INFO - Started tracking step: Section: projects at 2025-01-31 11:48:02.293083
2025-01-31 11:48:02,293 - INFO - Processing section 'projects' started.
2025-01-31 11:48:02,294 - INFO - Validating section: projects...
2025-01-31 11:48:02,295 - INFO - Formatting section: projects...
2025-01-31 11:48:02,297 - INFO - Section 'projects' written to c:\Users\troy_\Downloads\Tailored Resume Process\resume_project\output\projects.txt successfully.
2025-01-31 11:48:02,297 - INFO - Ended tracking step: Section: projects at 2025-01-31 11:48:02.297869 (Duration: 0:00:00.004786)
2025-01-31 11:48:02,298 - INFO - Processing section 'projects' completed successfully.
2025-01-31 11:48:02,299 - INFO - Processing section: validation_rules...
2025-01-31 11:48:02,299 - INFO - Started tracking step: Section: validation_rules at 2025-01-31 11:48:02.299476
2025-01-31 11:48:02,299 - INFO - Processing section 'validation_rules' started.
2025-01-31 11:48:02,300 - INFO - Validating section: validation_rules...
2025-01-31 11:48:02,300 - INFO - Formatting section: validation_rules...
2025-01-31 11:48:02,301 - INFO - Section 'validation_rules' written to c:\Users\troy_\Downloads\Tailored Resume Process\resume_project\output\validation_rules.txt successfully.
2025-01-31 11:48:02,302 - INFO - Ended tracking step: Section: validation_rules at 2025-01-31 11:48:02.302135 (Duration: 0:00:00.002659)
2025-01-31 11:48:02,302 - INFO - Processing section 'validation_rules' completed successfully.
2025-01-31 11:48:02,302 - INFO - Running cross-sectional validation...
2025-01-31 11:48:02,302 - INFO - Cross-sectional validation passed.
2025-01-31 11:48:02,303 - ERROR - An error occurred in section_processor.py: 'CentralizedTracker' object has no attribute 'finalize'
Traceback (most recent call last):
  File "c:\Users\troy_\Downloads\Tailored Resume Process\resume_project\scripts\section_processor.py", line 82, in <module>
    tracker.finalize()
    ^^^^^^^^^^^^^^^^
AttributeError: 'CentralizedTracker' object has no attribute 'finalize'
2025-01-31 11:48:02,312 - ERROR - Error logged: 'CentralizedTracker' object has no attribute 'finalize' at 2025-01-31 11:48:02.312655
2025-01-31 11:48:12,747 - INFO - Retrieving paths...
2025-01-31 11:48:12,748 - INFO - Path 'base_dir': c:\Users\troy_\Downloads\Tailored Resume Process\resume_project
2025-01-31 11:48:12,748 - INFO - Path 'scripts_dir': c:\Users\troy_\Downloads\Tailored Resume Process\resume_project\scripts
2025-01-31 11:48:12,748 - INFO - Path 'sections_dir': c:\Users\troy_\Downloads\Tailored Resume Process\resume_project\scripts\sections
2025-01-31 11:48:12,748 - INFO - Path 's3_operations_dir': c:\Users\troy_\Downloads\Tailored Resume Process\resume_project\scripts\s3_operations
2025-01-31 11:48:12,748 - INFO - Path 'output_dir': c:\Users\troy_\Downloads\Tailored Resume Process\resume_project\output
2025-01-31 11:48:12,748 - INFO - Path 'resume_json': c:\Users\troy_\Downloads\Tailored Resume Process\resume_project\resume.json
2025-01-31 11:48:12,748 - INFO - Paths retrieved successfully.
2025-01-31 11:48:12,749 - INFO - Loading resume data...
2025-01-31 11:48:12,749 - INFO - Resume data loaded successfully.
2025-01-31 11:48:12,749 - INFO - Resume data loaded successfully.
2025-01-31 11:48:12,749 - INFO - Running global validation...
2025-01-31 11:48:12,749 - INFO - Global validation passed.
2025-01-31 11:48:12,749 - INFO - Processing section: personal_information...
2025-01-31 11:48:12,749 - INFO - Started tracking step: Section: personal_information at 2025-01-31 11:48:12.749942
2025-01-31 11:48:12,750 - INFO - Processing section 'personal_information' started.
2025-01-31 11:48:12,750 - INFO - Validating section: personal_information...
2025-01-31 11:48:12,750 - INFO - Formatting section: personal_information...
2025-01-31 11:48:12,750 - INFO - Section 'personal_information' written to c:\Users\troy_\Downloads\Tailored Resume Process\resume_project\output\personal_information.txt successfully.
2025-01-31 11:48:12,750 - INFO - Ended tracking step: Section: personal_information at 2025-01-31 11:48:12.750804 (Duration: 0:00:00.000862)
2025-01-31 11:48:12,750 - INFO - Processing section 'personal_information' completed successfully.
2025-01-31 11:48:12,751 - INFO - Processing section: summary...
2025-01-31 11:48:12,751 - INFO - Started tracking step: Section: summary at 2025-01-31 11:48:12.751205
2025-01-31 11:48:12,751 - INFO - Processing section 'summary' started.
2025-01-31 11:48:12,751 - INFO - Validating section: summary...
2025-01-31 11:48:12,751 - INFO - Formatting section: summary...
2025-01-31 11:48:12,751 - INFO - Section 'summary' written to c:\Users\troy_\Downloads\Tailored Resume Process\resume_project\output\summary.txt successfully.
2025-01-31 11:48:12,752 - INFO - Ended tracking step: Section: summary at 2025-01-31 11:48:12.751995 (Duration: 0:00:00.000790)
2025-01-31 11:48:12,752 - INFO - Processing section 'summary' completed successfully.
2025-01-31 11:48:12,752 - INFO - Processing section: skills...
2025-01-31 11:48:12,752 - INFO - Started tracking step: Section: skills at 2025-01-31 11:48:12.752283
2025-01-31 11:48:12,752 - INFO - Processing section 'skills' started.
2025-01-31 11:48:12,752 - INFO - Validating section: skills...
2025-01-31 11:48:12,752 - INFO - Formatting section: skills...
2025-01-31 11:48:12,752 - INFO - Section 'skills' written to c:\Users\troy_\Downloads\Tailored Resume Process\resume_project\output\skills.txt successfully.
2025-01-31 11:48:12,753 - INFO - Ended tracking step: Section: skills at 2025-01-31 11:48:12.753044 (Duration: 0:00:00.000761)
2025-01-31 11:48:12,753 - INFO - Processing section 'skills' completed successfully.
2025-01-31 11:48:12,753 - INFO - Processing section: experience...
2025-01-31 11:48:12,753 - INFO - Started tracking step: Section: experience at 2025-01-31 11:48:12.753487
2025-01-31 11:48:12,753 - INFO - Processing section 'experience' started.
2025-01-31 11:48:12,753 - INFO - Validating section: experience...
2025-01-31 11:48:12,754 - INFO - Formatting section: experience...
2025-01-31 11:48:12,754 - INFO - Section 'experience' written to c:\Users\troy_\Downloads\Tailored Resume Process\resume_project\output\experience.txt successfully.
2025-01-31 11:48:12,754 - INFO - Ended tracking step: Section: experience at 2025-01-31 11:48:12.754740 (Duration: 0:00:00.001253)
2025-01-31 11:48:12,754 - INFO - Processing section 'experience' completed successfully.
2025-01-31 11:48:12,755 - INFO - Processing section: education...
2025-01-31 11:48:12,755 - INFO - Started tracking step: Section: education at 2025-01-31 11:48:12.755103
2025-01-31 11:48:12,755 - INFO - Processing section 'education' started.
2025-01-31 11:48:12,755 - INFO - Validating section: education...
2025-01-31 11:48:12,755 - INFO - Formatting section: education...
2025-01-31 11:48:12,755 - INFO - Section 'education' written to c:\Users\troy_\Downloads\Tailored Resume Process\resume_project\output\education.txt successfully.
2025-01-31 11:48:12,756 - INFO - Ended tracking step: Section: education at 2025-01-31 11:48:12.756039 (Duration: 0:00:00.000936)
2025-01-31 11:48:12,756 - INFO - Processing section 'education' completed successfully.
2025-01-31 11:48:12,756 - INFO - Processing section: key_achievements...
2025-01-31 11:48:12,756 - INFO - Started tracking step: Section: key_achievements at 2025-01-31 11:48:12.756454
2025-01-31 11:48:12,756 - INFO - Processing section 'key_achievements' started.
2025-01-31 11:48:12,756 - INFO - Validating section: key_achievements...
2025-01-31 11:48:12,756 - INFO - Formatting section: key_achievements...
2025-01-31 11:48:12,757 - INFO - Section 'key_achievements' written to c:\Users\troy_\Downloads\Tailored Resume Process\resume_project\output\key_achievements.txt successfully.
2025-01-31 11:48:12,757 - INFO - Ended tracking step: Section: key_achievements at 2025-01-31 11:48:12.757257 (Duration: 0:00:00.000803)
2025-01-31 11:48:12,757 - INFO - Processing section 'key_achievements' completed successfully.
2025-01-31 11:48:12,757 - INFO - Processing section: projects...
2025-01-31 11:48:12,757 - INFO - Started tracking step: Section: projects at 2025-01-31 11:48:12.757581
2025-01-31 11:48:12,757 - INFO - Processing section 'projects' started.
2025-01-31 11:48:12,757 - INFO - Validating section: projects...
2025-01-31 11:48:12,757 - INFO - Formatting section: projects...
2025-01-31 11:48:12,758 - INFO - Section 'projects' written to c:\Users\troy_\Downloads\Tailored Resume Process\resume_project\output\projects.txt successfully.
2025-01-31 11:48:12,758 - INFO - Ended tracking step: Section: projects at 2025-01-31 11:48:12.758376 (Duration: 0:00:00.000795)
2025-01-31 11:48:12,758 - INFO - Processing section 'projects' completed successfully.
2025-01-31 11:48:12,758 - INFO - Processing section: validation_rules...
2025-01-31 11:48:12,758 - INFO - Started tracking step: Section: validation_rules at 2025-01-31 11:48:12.758869
2025-01-31 11:48:12,759 - INFO - Processing section 'validation_rules' started.
2025-01-31 11:48:12,759 - INFO - Validating section: validation_rules...
2025-01-31 11:48:12,759 - INFO - Formatting section: validation_rules...
2025-01-31 11:48:12,759 - INFO - Section 'validation_rules' written to c:\Users\troy_\Downloads\Tailored Resume Process\resume_project\output\validation_rules.txt successfully.
2025-01-31 11:48:12,760 - INFO - Ended tracking step: Section: validation_rules at 2025-01-31 11:48:12.760070 (Duration: 0:00:00.001201)
2025-01-31 11:48:12,760 - INFO - Processing section 'validation_rules' completed successfully.
2025-01-31 11:48:12,760 - INFO - Running cross-sectional validation...
2025-01-31 11:48:12,760 - INFO - Cross-sectional validation passed.
2025-01-31 11:48:12,760 - ERROR - An error occurred in section_processor.py: 'CentralizedTracker' object has no attribute 'finalize'
Traceback (most recent call last):
  File "c:\Users\troy_\Downloads\Tailored Resume Process\resume_project\scripts\section_processor.py", line 82, in <module>
    tracker.finalize()
    ^^^^^^^^^^^^^^^^
AttributeError: 'CentralizedTracker' object has no attribute 'finalize'
2025-01-31 11:48:12,766 - ERROR - Error logged: 'CentralizedTracker' object has no attribute 'finalize' at 2025-01-31 11:48:12.766409
2025-01-31 11:48:19,249 - INFO - Retrieving paths...
2025-01-31 11:48:19,249 - INFO - Path 'base_dir': c:\Users\troy_\Downloads\Tailored Resume Process\resume_project
2025-01-31 11:48:19,249 - INFO - Path 'scripts_dir': c:\Users\troy_\Downloads\Tailored Resume Process\resume_project\scripts
2025-01-31 11:48:19,249 - INFO - Path 'sections_dir': c:\Users\troy_\Downloads\Tailored Resume Process\resume_project\scripts\sections
2025-01-31 11:48:19,250 - INFO - Path 's3_operations_dir': c:\Users\troy_\Downloads\Tailored Resume Process\resume_project\scripts\s3_operations
2025-01-31 11:48:19,250 - INFO - Path 'output_dir': c:\Users\troy_\Downloads\Tailored Resume Process\resume_project\output
2025-01-31 11:48:19,250 - INFO - Path 'resume_json': c:\Users\troy_\Downloads\Tailored Resume Process\resume_project\resume.json
2025-01-31 11:48:19,250 - INFO - Paths retrieved successfully.
2025-01-31 11:48:19,250 - INFO - Loading resume data...
2025-01-31 11:48:19,251 - INFO - Resume data loaded successfully.
2025-01-31 11:48:19,251 - INFO - Resume data loaded successfully.
2025-01-31 11:48:19,251 - INFO - Running global validation...
2025-01-31 11:48:19,251 - INFO - Global validation passed.
2025-01-31 11:48:19,251 - INFO - Processing section: personal_information...
2025-01-31 11:48:19,251 - INFO - Started tracking step: Section: personal_information at 2025-01-31 11:48:19.251682
2025-01-31 11:48:19,251 - INFO - Processing section 'personal_information' started.
2025-01-31 11:48:19,251 - INFO - Validating section: personal_information...
2025-01-31 11:48:19,251 - INFO - Formatting section: personal_information...
2025-01-31 11:48:19,252 - INFO - Section 'personal_information' written to c:\Users\troy_\Downloads\Tailored Resume Process\resume_project\output\personal_information.txt successfully.
2025-01-31 11:48:19,252 - INFO - Ended tracking step: Section: personal_information at 2025-01-31 11:48:19.252692 (Duration: 0:00:00.001010)
2025-01-31 11:48:19,252 - INFO - Processing section 'personal_information' completed successfully.
2025-01-31 11:48:19,252 - INFO - Processing section: summary...
2025-01-31 11:48:19,253 - INFO - Started tracking step: Section: summary at 2025-01-31 11:48:19.253042
2025-01-31 11:48:19,253 - INFO - Processing section 'summary' started.
2025-01-31 11:48:19,253 - INFO - Validating section: summary...
2025-01-31 11:48:19,253 - INFO - Formatting section: summary...
2025-01-31 11:48:19,253 - INFO - Section 'summary' written to c:\Users\troy_\Downloads\Tailored Resume Process\resume_project\output\summary.txt successfully.
2025-01-31 11:48:19,253 - INFO - Ended tracking step: Section: summary at 2025-01-31 11:48:19.253917 (Duration: 0:00:00.000875)
2025-01-31 11:48:19,254 - INFO - Processing section 'summary' completed successfully.
2025-01-31 11:48:19,254 - INFO - Processing section: skills...
2025-01-31 11:48:19,254 - INFO - Started tracking step: Section: skills at 2025-01-31 11:48:19.254257
2025-01-31 11:48:19,254 - INFO - Processing section 'skills' started.
2025-01-31 11:48:19,254 - INFO - Validating section: skills...
2025-01-31 11:48:19,254 - INFO - Formatting section: skills...
2025-01-31 11:48:19,254 - INFO - Section 'skills' written to c:\Users\troy_\Downloads\Tailored Resume Process\resume_project\output\skills.txt successfully.
2025-01-31 11:48:19,255 - INFO - Ended tracking step: Section: skills at 2025-01-31 11:48:19.255116 (Duration: 0:00:00.000859)
2025-01-31 11:48:19,255 - INFO - Processing section 'skills' completed successfully.
2025-01-31 11:48:19,255 - INFO - Processing section: experience...
2025-01-31 11:48:19,255 - INFO - Started tracking step: Section: experience at 2025-01-31 11:48:19.255411
2025-01-31 11:48:19,255 - INFO - Processing section 'experience' started.
2025-01-31 11:48:19,255 - INFO - Validating section: experience...
2025-01-31 11:48:19,255 - INFO - Formatting section: experience...
2025-01-31 11:48:19,256 - INFO - Section 'experience' written to c:\Users\troy_\Downloads\Tailored Resume Process\resume_project\output\experience.txt successfully.
2025-01-31 11:48:19,256 - INFO - Ended tracking step: Section: experience at 2025-01-31 11:48:19.256308 (Duration: 0:00:00.000897)
2025-01-31 11:48:19,256 - INFO - Processing section 'experience' completed successfully.
2025-01-31 11:48:19,256 - INFO - Processing section: education...
2025-01-31 11:48:19,256 - INFO - Started tracking step: Section: education at 2025-01-31 11:48:19.256607
2025-01-31 11:48:19,256 - INFO - Processing section 'education' started.
2025-01-31 11:48:19,256 - INFO - Validating section: education...
2025-01-31 11:48:19,256 - INFO - Formatting section: education...
2025-01-31 11:48:19,257 - INFO - Section 'education' written to c:\Users\troy_\Downloads\Tailored Resume Process\resume_project\output\education.txt successfully.
2025-01-31 11:48:19,257 - INFO - Ended tracking step: Section: education at 2025-01-31 11:48:19.257333 (Duration: 0:00:00.000726)
2025-01-31 11:48:19,257 - INFO - Processing section 'education' completed successfully.
2025-01-31 11:48:19,257 - INFO - Processing section: key_achievements...
2025-01-31 11:48:19,257 - INFO - Started tracking step: Section: key_achievements at 2025-01-31 11:48:19.257647
2025-01-31 11:48:19,257 - INFO - Processing section 'key_achievements' started.
2025-01-31 11:48:19,257 - INFO - Validating section: key_achievements...
2025-01-31 11:48:19,257 - INFO - Formatting section: key_achievements...
2025-01-31 11:48:19,258 - INFO - Section 'key_achievements' written to c:\Users\troy_\Downloads\Tailored Resume Process\resume_project\output\key_achievements.txt successfully.
2025-01-31 11:48:19,258 - INFO - Ended tracking step: Section: key_achievements at 2025-01-31 11:48:19.258467 (Duration: 0:00:00.000820)
2025-01-31 11:48:19,258 - INFO - Processing section 'key_achievements' completed successfully.
2025-01-31 11:48:19,258 - INFO - Processing section: projects...
2025-01-31 11:48:19,258 - INFO - Started tracking step: Section: projects at 2025-01-31 11:48:19.258973
2025-01-31 11:48:19,259 - INFO - Processing section 'projects' started.
2025-01-31 11:48:19,259 - INFO - Validating section: projects...
2025-01-31 11:48:19,259 - INFO - Formatting section: projects...
2025-01-31 11:48:19,259 - INFO - Section 'projects' written to c:\Users\troy_\Downloads\Tailored Resume Process\resume_project\output\projects.txt successfully.
2025-01-31 11:48:19,260 - INFO - Ended tracking step: Section: projects at 2025-01-31 11:48:19.260081 (Duration: 0:00:00.001108)
2025-01-31 11:48:19,260 - INFO - Processing section 'projects' completed successfully.
2025-01-31 11:48:19,260 - INFO - Processing section: validation_rules...
2025-01-31 11:48:19,260 - INFO - Started tracking step: Section: validation_rules at 2025-01-31 11:48:19.260673
2025-01-31 11:48:19,260 - INFO - Processing section 'validation_rules' started.
2025-01-31 11:48:19,261 - INFO - Validating section: validation_rules...
2025-01-31 11:48:19,261 - INFO - Formatting section: validation_rules...
2025-01-31 11:48:19,261 - INFO - Section 'validation_rules' written to c:\Users\troy_\Downloads\Tailored Resume Process\resume_project\output\validation_rules.txt successfully.
2025-01-31 11:48:19,261 - INFO - Ended tracking step: Section: validation_rules at 2025-01-31 11:48:19.261834 (Duration: 0:00:00.001161)
2025-01-31 11:48:19,262 - INFO - Processing section 'validation_rules' completed successfully.
2025-01-31 11:48:19,262 - INFO - Running cross-sectional validation...
2025-01-31 11:48:19,262 - INFO - Cross-sectional validation passed.
2025-01-31 11:48:19,262 - ERROR - An error occurred in section_processor.py: 'CentralizedTracker' object has no attribute 'finalize'
Traceback (most recent call last):
  File "c:\Users\troy_\Downloads\Tailored Resume Process\resume_project\scripts\section_processor.py", line 82, in <module>
    tracker.finalize()
    ^^^^^^^^^^^^^^^^
AttributeError: 'CentralizedTracker' object has no attribute 'finalize'
2025-01-31 11:48:19,267 - ERROR - Error logged: 'CentralizedTracker' object has no attribute 'finalize' at 2025-01-31 11:48:19.267969
2025-01-31 11:48:26,407 - INFO - Retrieving paths...
2025-01-31 11:48:26,407 - INFO - Path 'base_dir': c:\Users\troy_\Downloads\Tailored Resume Process\resume_project
2025-01-31 11:48:26,407 - INFO - Path 'scripts_dir': c:\Users\troy_\Downloads\Tailored Resume Process\resume_project\scripts
2025-01-31 11:48:26,407 - INFO - Path 'sections_dir': c:\Users\troy_\Downloads\Tailored Resume Process\resume_project\scripts\sections
2025-01-31 11:48:26,407 - INFO - Path 's3_operations_dir': c:\Users\troy_\Downloads\Tailored Resume Process\resume_project\scripts\s3_operations
2025-01-31 11:48:26,407 - INFO - Path 'output_dir': c:\Users\troy_\Downloads\Tailored Resume Process\resume_project\output
2025-01-31 11:48:26,407 - INFO - Path 'resume_json': c:\Users\troy_\Downloads\Tailored Resume Process\resume_project\resume.json
2025-01-31 11:48:26,407 - INFO - Paths retrieved successfully.
2025-01-31 11:48:26,408 - INFO - Loading resume data...
2025-01-31 11:48:26,408 - INFO - Resume data loaded successfully.
2025-01-31 11:48:26,408 - INFO - Resume data loaded successfully.
2025-01-31 11:48:26,408 - INFO - Running global validation...
2025-01-31 11:48:26,408 - INFO - Global validation passed.
2025-01-31 11:48:26,408 - INFO - Processing section: personal_information...
2025-01-31 11:48:26,408 - INFO - Started tracking step: Section: personal_information at 2025-01-31 11:48:26.408575
2025-01-31 11:48:26,408 - INFO - Processing section 'personal_information' started.
2025-01-31 11:48:26,408 - INFO - Validating section: personal_information...
2025-01-31 11:48:26,408 - INFO - Formatting section: personal_information...
2025-01-31 11:48:26,409 - INFO - Section 'personal_information' written to c:\Users\troy_\Downloads\Tailored Resume Process\resume_project\output\personal_information.txt successfully.
2025-01-31 11:48:26,409 - INFO - Ended tracking step: Section: personal_information at 2025-01-31 11:48:26.409496 (Duration: 0:00:00.000921)
2025-01-31 11:48:26,409 - INFO - Processing section 'personal_information' completed successfully.
2025-01-31 11:48:26,409 - INFO - Processing section: summary...
2025-01-31 11:48:26,409 - INFO - Started tracking step: Section: summary at 2025-01-31 11:48:26.409830
2025-01-31 11:48:26,410 - INFO - Processing section 'summary' started.
2025-01-31 11:48:26,410 - INFO - Validating section: summary...
2025-01-31 11:48:26,410 - INFO - Formatting section: summary...
2025-01-31 11:48:26,410 - INFO - Section 'summary' written to c:\Users\troy_\Downloads\Tailored Resume Process\resume_project\output\summary.txt successfully.
2025-01-31 11:48:26,411 - INFO - Ended tracking step: Section: summary at 2025-01-31 11:48:26.410998 (Duration: 0:00:00.001168)
2025-01-31 11:48:26,411 - INFO - Processing section 'summary' completed successfully.
2025-01-31 11:48:26,411 - INFO - Processing section: skills...
2025-01-31 11:48:26,411 - INFO - Started tracking step: Section: skills at 2025-01-31 11:48:26.411517
2025-01-31 11:48:26,411 - INFO - Processing section 'skills' started.
2025-01-31 11:48:26,411 - INFO - Validating section: skills...
2025-01-31 11:48:26,411 - INFO - Formatting section: skills...
2025-01-31 11:48:26,412 - INFO - Section 'skills' written to c:\Users\troy_\Downloads\Tailored Resume Process\resume_project\output\skills.txt successfully.
2025-01-31 11:48:26,412 - INFO - Ended tracking step: Section: skills at 2025-01-31 11:48:26.412404 (Duration: 0:00:00.000887)
2025-01-31 11:48:26,412 - INFO - Processing section 'skills' completed successfully.
2025-01-31 11:48:26,412 - INFO - Processing section: experience...
2025-01-31 11:48:26,412 - INFO - Started tracking step: Section: experience at 2025-01-31 11:48:26.412782
2025-01-31 11:48:26,412 - INFO - Processing section 'experience' started.
2025-01-31 11:48:26,413 - INFO - Validating section: experience...
2025-01-31 11:48:26,413 - INFO - Formatting section: experience...
2025-01-31 11:48:26,413 - INFO - Section 'experience' written to c:\Users\troy_\Downloads\Tailored Resume Process\resume_project\output\experience.txt successfully.
2025-01-31 11:48:26,413 - INFO - Ended tracking step: Section: experience at 2025-01-31 11:48:26.413602 (Duration: 0:00:00.000820)
2025-01-31 11:48:26,413 - INFO - Processing section 'experience' completed successfully.
2025-01-31 11:48:26,413 - INFO - Processing section: education...
2025-01-31 11:48:26,413 - INFO - Started tracking step: Section: education at 2025-01-31 11:48:26.413980
2025-01-31 11:48:26,414 - INFO - Processing section 'education' started.
2025-01-31 11:48:26,414 - INFO - Validating section: education...
2025-01-31 11:48:26,414 - INFO - Formatting section: education...
2025-01-31 11:48:26,414 - INFO - Section 'education' written to c:\Users\troy_\Downloads\Tailored Resume Process\resume_project\output\education.txt successfully.
2025-01-31 11:48:26,414 - INFO - Ended tracking step: Section: education at 2025-01-31 11:48:26.414738 (Duration: 0:00:00.000758)
2025-01-31 11:48:26,414 - INFO - Processing section 'education' completed successfully.
2025-01-31 11:48:26,414 - INFO - Processing section: key_achievements...
2025-01-31 11:48:26,415 - INFO - Started tracking step: Section: key_achievements at 2025-01-31 11:48:26.415033
2025-01-31 11:48:26,415 - INFO - Processing section 'key_achievements' started.
2025-01-31 11:48:26,415 - INFO - Validating section: key_achievements...
2025-01-31 11:48:26,415 - INFO - Formatting section: key_achievements...
2025-01-31 11:48:26,415 - INFO - Section 'key_achievements' written to c:\Users\troy_\Downloads\Tailored Resume Process\resume_project\output\key_achievements.txt successfully.
2025-01-31 11:48:26,415 - INFO - Ended tracking step: Section: key_achievements at 2025-01-31 11:48:26.415782 (Duration: 0:00:00.000749)
2025-01-31 11:48:26,415 - INFO - Processing section 'key_achievements' completed successfully.
2025-01-31 11:48:26,416 - INFO - Processing section: projects...
2025-01-31 11:48:26,416 - INFO - Started tracking step: Section: projects at 2025-01-31 11:48:26.416106
2025-01-31 11:48:26,416 - INFO - Processing section 'projects' started.
2025-01-31 11:48:26,416 - INFO - Validating section: projects...
2025-01-31 11:48:26,416 - INFO - Formatting section: projects...
2025-01-31 11:48:26,416 - INFO - Section 'projects' written to c:\Users\troy_\Downloads\Tailored Resume Process\resume_project\output\projects.txt successfully.
2025-01-31 11:48:26,416 - INFO - Ended tracking step: Section: projects at 2025-01-31 11:48:26.416703 (Duration: 0:00:00.000597)
2025-01-31 11:48:26,416 - INFO - Processing section 'projects' completed successfully.
2025-01-31 11:48:26,416 - INFO - Processing section: validation_rules...
2025-01-31 11:48:26,417 - INFO - Started tracking step: Section: validation_rules at 2025-01-31 11:48:26.417004
2025-01-31 11:48:26,417 - INFO - Processing section 'validation_rules' started.
2025-01-31 11:48:26,417 - INFO - Validating section: validation_rules...
2025-01-31 11:48:26,417 - INFO - Formatting section: validation_rules...
2025-01-31 11:48:26,417 - INFO - Section 'validation_rules' written to c:\Users\troy_\Downloads\Tailored Resume Process\resume_project\output\validation_rules.txt successfully.
2025-01-31 11:48:26,417 - INFO - Ended tracking step: Section: validation_rules at 2025-01-31 11:48:26.417799 (Duration: 0:00:00.000795)
2025-01-31 11:48:26,417 - INFO - Processing section 'validation_rules' completed successfully.
2025-01-31 11:48:26,418 - INFO - Running cross-sectional validation...
2025-01-31 11:48:26,418 - INFO - Cross-sectional validation passed.
2025-01-31 11:48:26,418 - ERROR - An error occurred in section_processor.py: 'CentralizedTracker' object has no attribute 'finalize'
Traceback (most recent call last):
  File "c:\Users\troy_\Downloads\Tailored Resume Process\resume_project\scripts\section_processor.py", line 82, in <module>
    tracker.finalize()
    ^^^^^^^^^^^^^^^^
AttributeError: 'CentralizedTracker' object has no attribute 'finalize'
2025-01-31 11:48:26,423 - ERROR - Error logged: 'CentralizedTracker' object has no attribute 'finalize' at 2025-01-31 11:48:26.422994
2025-01-31 11:48:54,017 - INFO - Retrieving paths...
2025-01-31 11:48:54,017 - INFO - Path 'base_dir': c:\Users\troy_\Downloads\Tailored Resume Process\resume_project
2025-01-31 11:48:54,018 - INFO - Path 'scripts_dir': c:\Users\troy_\Downloads\Tailored Resume Process\resume_project\scripts
2025-01-31 11:48:54,018 - INFO - Path 'sections_dir': c:\Users\troy_\Downloads\Tailored Resume Process\resume_project\scripts\sections
2025-01-31 11:48:54,018 - INFO - Path 's3_operations_dir': c:\Users\troy_\Downloads\Tailored Resume Process\resume_project\scripts\s3_operations
2025-01-31 11:48:54,018 - INFO - Path 'output_dir': c:\Users\troy_\Downloads\Tailored Resume Process\resume_project\output
2025-01-31 11:48:54,018 - INFO - Path 'resume_json': c:\Users\troy_\Downloads\Tailored Resume Process\resume_project\resume.json
2025-01-31 11:48:54,018 - INFO - Paths retrieved successfully.
2025-01-31 11:48:54,018 - INFO - Loading resume data...
2025-01-31 11:48:54,019 - INFO - Resume data loaded successfully.
2025-01-31 11:48:54,019 - INFO - Resume data loaded successfully.
2025-01-31 11:48:54,019 - INFO - Running global validation...
2025-01-31 11:48:54,019 - INFO - Global validation passed.
2025-01-31 11:48:54,019 - INFO - Processing section: personal_information...
2025-01-31 11:48:54,020 - INFO - Started tracking step: Section: personal_information at 2025-01-31 11:48:54.020055
2025-01-31 11:48:54,020 - INFO - Processing section 'personal_information' started.
2025-01-31 11:48:54,020 - INFO - Validating section: personal_information...
2025-01-31 11:48:54,020 - INFO - Formatting section: personal_information...
2025-01-31 11:48:54,020 - INFO - Section 'personal_information' written to c:\Users\troy_\Downloads\Tailored Resume Process\resume_project\output\personal_information.txt successfully.
2025-01-31 11:48:54,020 - INFO - Ended tracking step: Section: personal_information at 2025-01-31 11:48:54.020959 (Duration: 0:00:00.000904)
2025-01-31 11:48:54,021 - INFO - Processing section 'personal_information' completed successfully.
2025-01-31 11:48:54,021 - INFO - Processing section: summary...
2025-01-31 11:48:54,021 - INFO - Started tracking step: Section: summary at 2025-01-31 11:48:54.021370
2025-01-31 11:48:54,021 - INFO - Processing section 'summary' started.
2025-01-31 11:48:54,021 - INFO - Validating section: summary...
2025-01-31 11:48:54,021 - INFO - Formatting section: summary...
2025-01-31 11:48:54,022 - INFO - Section 'summary' written to c:\Users\troy_\Downloads\Tailored Resume Process\resume_project\output\summary.txt successfully.
2025-01-31 11:48:54,022 - INFO - Ended tracking step: Section: summary at 2025-01-31 11:48:54.022588 (Duration: 0:00:00.001218)
2025-01-31 11:48:54,022 - INFO - Processing section 'summary' completed successfully.
2025-01-31 11:48:54,022 - INFO - Processing section: skills...
2025-01-31 11:48:54,023 - INFO - Started tracking step: Section: skills at 2025-01-31 11:48:54.023066
2025-01-31 11:48:54,023 - INFO - Processing section 'skills' started.
2025-01-31 11:48:54,023 - INFO - Validating section: skills...
2025-01-31 11:48:54,023 - INFO - Formatting section: skills...
2025-01-31 11:48:54,023 - INFO - Section 'skills' written to c:\Users\troy_\Downloads\Tailored Resume Process\resume_project\output\skills.txt successfully.
2025-01-31 11:48:54,023 - INFO - Ended tracking step: Section: skills at 2025-01-31 11:48:54.023889 (Duration: 0:00:00.000823)
2025-01-31 11:48:54,024 - INFO - Processing section 'skills' completed successfully.
2025-01-31 11:48:54,024 - INFO - Processing section: experience...
2025-01-31 11:48:54,024 - INFO - Started tracking step: Section: experience at 2025-01-31 11:48:54.024211
2025-01-31 11:48:54,024 - INFO - Processing section 'experience' started.
2025-01-31 11:48:54,024 - INFO - Validating section: experience...
2025-01-31 11:48:54,024 - INFO - Formatting section: experience...
2025-01-31 11:48:54,025 - INFO - Section 'experience' written to c:\Users\troy_\Downloads\Tailored Resume Process\resume_project\output\experience.txt successfully.
2025-01-31 11:48:54,025 - INFO - Ended tracking step: Section: experience at 2025-01-31 11:48:54.025277 (Duration: 0:00:00.001066)
2025-01-31 11:48:54,025 - INFO - Processing section 'experience' completed successfully.
2025-01-31 11:48:54,025 - INFO - Processing section: education...
2025-01-31 11:48:54,025 - INFO - Started tracking step: Section: education at 2025-01-31 11:48:54.025798
2025-01-31 11:48:54,025 - INFO - Processing section 'education' started.
2025-01-31 11:48:54,026 - INFO - Validating section: education...
2025-01-31 11:48:54,026 - INFO - Formatting section: education...
2025-01-31 11:48:54,026 - INFO - Section 'education' written to c:\Users\troy_\Downloads\Tailored Resume Process\resume_project\output\education.txt successfully.
2025-01-31 11:48:54,026 - INFO - Ended tracking step: Section: education at 2025-01-31 11:48:54.026830 (Duration: 0:00:00.001032)
2025-01-31 11:48:54,026 - INFO - Processing section 'education' completed successfully.
2025-01-31 11:48:54,027 - INFO - Processing section: key_achievements...
2025-01-31 11:48:54,027 - INFO - Started tracking step: Section: key_achievements at 2025-01-31 11:48:54.027198
2025-01-31 11:48:54,027 - INFO - Processing section 'key_achievements' started.
2025-01-31 11:48:54,027 - INFO - Validating section: key_achievements...
2025-01-31 11:48:54,027 - INFO - Formatting section: key_achievements...
2025-01-31 11:48:54,028 - INFO - Section 'key_achievements' written to c:\Users\troy_\Downloads\Tailored Resume Process\resume_project\output\key_achievements.txt successfully.
2025-01-31 11:48:54,028 - INFO - Ended tracking step: Section: key_achievements at 2025-01-31 11:48:54.028257 (Duration: 0:00:00.001059)
2025-01-31 11:48:54,028 - INFO - Processing section 'key_achievements' completed successfully.
2025-01-31 11:48:54,028 - INFO - Processing section: projects...
2025-01-31 11:48:54,028 - INFO - Started tracking step: Section: projects at 2025-01-31 11:48:54.028826
2025-01-31 11:48:54,029 - INFO - Processing section 'projects' started.
2025-01-31 11:48:54,029 - INFO - Validating section: projects...
2025-01-31 11:48:54,029 - INFO - Formatting section: projects...
2025-01-31 11:48:54,029 - INFO - Section 'projects' written to c:\Users\troy_\Downloads\Tailored Resume Process\resume_project\output\projects.txt successfully.
2025-01-31 11:48:54,030 - INFO - Ended tracking step: Section: projects at 2025-01-31 11:48:54.030022 (Duration: 0:00:00.001196)
2025-01-31 11:48:54,030 - INFO - Processing section 'projects' completed successfully.
2025-01-31 11:48:54,030 - INFO - Processing section: validation_rules...
2025-01-31 11:48:54,030 - INFO - Started tracking step: Section: validation_rules at 2025-01-31 11:48:54.030318
2025-01-31 11:48:54,030 - INFO - Processing section 'validation_rules' started.
2025-01-31 11:48:54,030 - INFO - Validating section: validation_rules...
2025-01-31 11:48:54,030 - INFO - Formatting section: validation_rules...
2025-01-31 11:48:54,031 - INFO - Section 'validation_rules' written to c:\Users\troy_\Downloads\Tailored Resume Process\resume_project\output\validation_rules.txt successfully.
2025-01-31 11:48:54,031 - INFO - Ended tracking step: Section: validation_rules at 2025-01-31 11:48:54.031178 (Duration: 0:00:00.000860)
2025-01-31 11:48:54,031 - INFO - Processing section 'validation_rules' completed successfully.
2025-01-31 11:48:54,031 - INFO - Running cross-sectional validation...
2025-01-31 11:48:54,031 - INFO - Cross-sectional validation passed.
2025-01-31 11:48:54,031 - ERROR - An error occurred in section_processor.py: 'CentralizedTracker' object has no attribute 'finalize'
Traceback (most recent call last):
  File "c:\Users\troy_\Downloads\Tailored Resume Process\resume_project\scripts\section_processor.py", line 82, in <module>
    tracker.finalize()
    ^^^^^^^^^^^^^^^^
AttributeError: 'CentralizedTracker' object has no attribute 'finalize'
2025-01-31 11:48:54,036 - ERROR - Error logged: 'CentralizedTracker' object has no attribute 'finalize' at 2025-01-31 11:48:54.036667
2025-01-31 11:58:08,551 - INFO - Retrieving paths...
2025-01-31 11:58:08,551 - INFO - Path 'base_dir': c:\Users\troy_\Downloads\Tailored Resume Process\resume_project
2025-01-31 11:58:08,551 - INFO - Path 'scripts_dir': c:\Users\troy_\Downloads\Tailored Resume Process\resume_project\scripts
2025-01-31 11:58:08,551 - INFO - Path 'sections_dir': c:\Users\troy_\Downloads\Tailored Resume Process\resume_project\scripts\sections
2025-01-31 11:58:08,552 - INFO - Path 's3_operations_dir': c:\Users\troy_\Downloads\Tailored Resume Process\resume_project\scripts\s3_operations
2025-01-31 11:58:08,552 - INFO - Path 'output_dir': c:\Users\troy_\Downloads\Tailored Resume Process\resume_project\output
2025-01-31 11:58:08,552 - INFO - Path 'resume_json': c:\Users\troy_\Downloads\Tailored Resume Process\resume_project\resume.json
2025-01-31 11:58:08,552 - INFO - Paths retrieved successfully.
2025-01-31 11:58:08,552 - INFO - Loading resume data...
2025-01-31 11:58:08,553 - INFO - Resume data loaded successfully.
2025-01-31 11:58:08,553 - INFO - Resume data loaded successfully.
2025-01-31 11:58:08,553 - INFO - Running global validation...
2025-01-31 11:58:08,553 - INFO - Global validation passed.
2025-01-31 11:58:08,553 - INFO - Processing section: personal_information...
2025-01-31 11:58:08,553 - ERROR - An error occurred in section_processor.py: 'CentralizedTracker' object has no attribute 'track_section_start'
Traceback (most recent call last):
  File "c:\Users\troy_\Downloads\Tailored Resume Process\resume_project\scripts\section_processor.py", line 41, in <module>
    tracker.track_section_start(section_name)
    ^^^^^^^^^^^^^^^^^^^^^^^^^^^
AttributeError: 'CentralizedTracker' object has no attribute 'track_section_start'
2025-01-31 12:00:15,642 - INFO - Retrieving paths...
2025-01-31 12:00:15,642 - INFO - Path 'base_dir': c:\Users\troy_\Downloads\Tailored Resume Process\resume_project
2025-01-31 12:00:15,643 - INFO - Path 'scripts_dir': c:\Users\troy_\Downloads\Tailored Resume Process\resume_project\scripts
2025-01-31 12:00:15,643 - INFO - Path 'sections_dir': c:\Users\troy_\Downloads\Tailored Resume Process\resume_project\scripts\sections
2025-01-31 12:00:15,643 - INFO - Path 's3_operations_dir': c:\Users\troy_\Downloads\Tailored Resume Process\resume_project\scripts\s3_operations
2025-01-31 12:00:15,644 - INFO - Path 'output_dir': c:\Users\troy_\Downloads\Tailored Resume Process\resume_project\output
2025-01-31 12:00:15,644 - INFO - Path 'resume_json': c:\Users\troy_\Downloads\Tailored Resume Process\resume_project\resume.json
2025-01-31 12:00:15,644 - INFO - Paths retrieved successfully.
2025-01-31 12:00:15,644 - INFO - Loading resume data...
2025-01-31 12:00:15,644 - INFO - Resume data loaded successfully.
2025-01-31 12:00:15,645 - INFO - Resume data loaded successfully.
2025-01-31 12:00:15,645 - INFO - Running global validation...
2025-01-31 12:00:15,645 - INFO - Global validation passed.
2025-01-31 12:00:15,645 - INFO - Processing section: personal_information...
2025-01-31 12:00:15,645 - INFO - Started tracking step: personal_information at 2025-01-31 12:00:15.645679
2025-01-31 12:00:15,645 - INFO - Started tracking section: personal_information
2025-01-31 12:00:15,646 - INFO - Validating section: personal_information...
2025-01-31 12:00:15,646 - INFO - Formatting section: personal_information...
2025-01-31 12:00:15,646 - INFO - Section 'personal_information' written to c:\Users\troy_\Downloads\Tailored Resume Process\resume_project\output\personal_information.txt successfully.
2025-01-31 12:00:15,646 - INFO - Ended tracking step: personal_information at 2025-01-31 12:00:15.646964 (Duration: 0:00:00.001285)
2025-01-31 12:00:15,647 - INFO - Section 'personal_information' processed successfully.
2025-01-31 12:00:15,647 - INFO - Processing section: summary...
2025-01-31 12:00:15,647 - INFO - Started tracking step: summary at 2025-01-31 12:00:15.647390
2025-01-31 12:00:15,647 - INFO - Started tracking section: summary
2025-01-31 12:00:15,647 - INFO - Validating section: summary...
2025-01-31 12:00:15,647 - INFO - Formatting section: summary...
2025-01-31 12:00:15,648 - INFO - Section 'summary' written to c:\Users\troy_\Downloads\Tailored Resume Process\resume_project\output\summary.txt successfully.
2025-01-31 12:00:15,648 - INFO - Ended tracking step: summary at 2025-01-31 12:00:15.648670 (Duration: 0:00:00.001280)
2025-01-31 12:00:15,648 - INFO - Section 'summary' processed successfully.
2025-01-31 12:00:15,649 - INFO - Processing section: skills...
2025-01-31 12:00:15,649 - INFO - Started tracking step: skills at 2025-01-31 12:00:15.649241
2025-01-31 12:00:15,649 - INFO - Started tracking section: skills
2025-01-31 12:00:15,649 - INFO - Validating section: skills...
2025-01-31 12:00:15,649 - INFO - Formatting section: skills...
2025-01-31 12:00:15,649 - INFO - Section 'skills' written to c:\Users\troy_\Downloads\Tailored Resume Process\resume_project\output\skills.txt successfully.
2025-01-31 12:00:15,650 - INFO - Ended tracking step: skills at 2025-01-31 12:00:15.649975 (Duration: 0:00:00.000734)
2025-01-31 12:00:15,650 - INFO - Section 'skills' processed successfully.
2025-01-31 12:00:15,650 - INFO - Processing section: experience...
2025-01-31 12:00:15,650 - INFO - Started tracking step: experience at 2025-01-31 12:00:15.650390
2025-01-31 12:00:15,650 - INFO - Started tracking section: experience
2025-01-31 12:00:15,650 - INFO - Validating section: experience...
2025-01-31 12:00:15,650 - INFO - Formatting section: experience...
2025-01-31 12:00:15,651 - INFO - Section 'experience' written to c:\Users\troy_\Downloads\Tailored Resume Process\resume_project\output\experience.txt successfully.
2025-01-31 12:00:15,651 - INFO - Ended tracking step: experience at 2025-01-31 12:00:15.651428 (Duration: 0:00:00.001038)
2025-01-31 12:00:15,651 - INFO - Section 'experience' processed successfully.
2025-01-31 12:00:15,651 - INFO - Processing section: education...
2025-01-31 12:00:15,651 - INFO - Started tracking step: education at 2025-01-31 12:00:15.651842
2025-01-31 12:00:15,651 - INFO - Started tracking section: education
2025-01-31 12:00:15,652 - INFO - Validating section: education...
2025-01-31 12:00:15,652 - INFO - Formatting section: education...
2025-01-31 12:00:15,652 - INFO - Section 'education' written to c:\Users\troy_\Downloads\Tailored Resume Process\resume_project\output\education.txt successfully.
2025-01-31 12:00:15,652 - INFO - Ended tracking step: education at 2025-01-31 12:00:15.652945 (Duration: 0:00:00.001103)
2025-01-31 12:00:15,653 - INFO - Section 'education' processed successfully.
2025-01-31 12:00:15,653 - INFO - Processing section: key_achievements...
2025-01-31 12:00:15,653 - INFO - Started tracking step: key_achievements at 2025-01-31 12:00:15.653303
2025-01-31 12:00:15,653 - INFO - Started tracking section: key_achievements
2025-01-31 12:00:15,653 - INFO - Validating section: key_achievements...
2025-01-31 12:00:15,653 - INFO - Formatting section: key_achievements...
2025-01-31 12:00:15,654 - INFO - Section 'key_achievements' written to c:\Users\troy_\Downloads\Tailored Resume Process\resume_project\output\key_achievements.txt successfully.
2025-01-31 12:00:15,654 - INFO - Ended tracking step: key_achievements at 2025-01-31 12:00:15.654378 (Duration: 0:00:00.001075)
2025-01-31 12:00:15,654 - INFO - Section 'key_achievements' processed successfully.
2025-01-31 12:00:15,654 - INFO - Processing section: projects...
2025-01-31 12:00:15,654 - INFO - Started tracking step: projects at 2025-01-31 12:00:15.654758
2025-01-31 12:00:15,654 - INFO - Started tracking section: projects
2025-01-31 12:00:15,655 - INFO - Validating section: projects...
2025-01-31 12:00:15,655 - INFO - Formatting section: projects...
2025-01-31 12:00:15,655 - INFO - Section 'projects' written to c:\Users\troy_\Downloads\Tailored Resume Process\resume_project\output\projects.txt successfully.
2025-01-31 12:00:15,655 - INFO - Ended tracking step: projects at 2025-01-31 12:00:15.655674 (Duration: 0:00:00.000916)
2025-01-31 12:00:15,655 - INFO - Section 'projects' processed successfully.
2025-01-31 12:00:15,655 - INFO - Processing section: validation_rules...
2025-01-31 12:00:15,656 - INFO - Started tracking step: validation_rules at 2025-01-31 12:00:15.656083
2025-01-31 12:00:15,656 - INFO - Started tracking section: validation_rules
2025-01-31 12:00:15,656 - INFO - Validating section: validation_rules...
2025-01-31 12:00:15,656 - INFO - Formatting section: validation_rules...
2025-01-31 12:00:15,656 - INFO - Section 'validation_rules' written to c:\Users\troy_\Downloads\Tailored Resume Process\resume_project\output\validation_rules.txt successfully.
2025-01-31 12:00:15,656 - INFO - Ended tracking step: validation_rules at 2025-01-31 12:00:15.656921 (Duration: 0:00:00.000838)
2025-01-31 12:00:15,657 - INFO - Section 'validation_rules' processed successfully.
2025-01-31 12:00:15,657 - INFO - Running cross-sectional validation...
2025-01-31 12:00:15,657 - INFO - Cross-sectional validation passed.
2025-01-31 12:00:15,657 - INFO - Finalizing tracking process...
2025-01-31 12:00:15,657 - INFO - Step: personal_information, Details: {'start_time': datetime.datetime(2025, 1, 31, 12, 0, 15, 645679), 'end_time': datetime.datetime(2025, 1, 31, 12, 0, 15, 646964), 'duration': datetime.timedelta(microseconds=1285), 'status': 'completed', 'errors': []}
2025-01-31 12:00:15,657 - INFO - Step: summary, Details: {'start_time': datetime.datetime(2025, 1, 31, 12, 0, 15, 647390), 'end_time': datetime.datetime(2025, 1, 31, 12, 0, 15, 648670), 'duration': datetime.timedelta(microseconds=1280), 'status': 'completed', 'errors': []}
2025-01-31 12:00:15,657 - INFO - Step: skills, Details: {'start_time': datetime.datetime(2025, 1, 31, 12, 0, 15, 649241), 'end_time': datetime.datetime(2025, 1, 31, 12, 0, 15, 649975), 'duration': datetime.timedelta(microseconds=734), 'status': 'completed', 'errors': []}
2025-01-31 12:00:15,657 - INFO - Step: experience, Details: {'start_time': datetime.datetime(2025, 1, 31, 12, 0, 15, 650390), 'end_time': datetime.datetime(2025, 1, 31, 12, 0, 15, 651428), 'duration': datetime.timedelta(microseconds=1038), 'status': 'completed', 'errors': []}
2025-01-31 12:00:15,657 - INFO - Step: education, Details: {'start_time': datetime.datetime(2025, 1, 31, 12, 0, 15, 651842), 'end_time': datetime.datetime(2025, 1, 31, 12, 0, 15, 652945), 'duration': datetime.timedelta(microseconds=1103), 'status': 'completed', 'errors': []}
2025-01-31 12:00:15,657 - INFO - Step: key_achievements, Details: {'start_time': datetime.datetime(2025, 1, 31, 12, 0, 15, 653303), 'end_time': datetime.datetime(2025, 1, 31, 12, 0, 15, 654378), 'duration': datetime.timedelta(microseconds=1075), 'status': 'completed', 'errors': []}
2025-01-31 12:00:15,658 - INFO - Step: projects, Details: {'start_time': datetime.datetime(2025, 1, 31, 12, 0, 15, 654758), 'end_time': datetime.datetime(2025, 1, 31, 12, 0, 15, 655674), 'duration': datetime.timedelta(microseconds=916), 'status': 'completed', 'errors': []}
2025-01-31 12:00:15,658 - INFO - Step: validation_rules, Details: {'start_time': datetime.datetime(2025, 1, 31, 12, 0, 15, 656083), 'end_time': datetime.datetime(2025, 1, 31, 12, 0, 15, 656921), 'duration': datetime.timedelta(microseconds=838), 'status': 'completed', 'errors': []}
2025-01-31 12:00:15,658 - INFO - Section processing completed successfully.
